<?xml version="1.0" encoding="UTF-8"?>
<!-- Generated by org.testng.reporters.JUnitReportReporter -->
<testsuite hostname="DESKTOP-5U6BMJP" failures="0" tests="1" name="test.NewTest" time="0.028" errors="0" timestamp="2022-01-22T15:00:20 IST" skipped="0">
  <testcase classname="test.NewTest" name="f" time="0.028"/>
  <system-out/>
</testsuite> <!-- test.NewTest -->
